c:\myfiles\projects\szakdoga\szakdoga\x64\debug\vc143.pdb
c:\myfiles\projects\szakdoga\szakdoga\x64\debug\vc143.idb
c:\myfiles\projects\szakdoga\szakdoga\x64\debug\sun.obj
c:\myfiles\projects\szakdoga\szakdoga\x64\debug\sphere.obj
c:\myfiles\projects\szakdoga\szakdoga\x64\debug\sceneobject.obj
c:\myfiles\projects\szakdoga\szakdoga\x64\debug\spherecollider.obj
c:\myfiles\projects\szakdoga\szakdoga\x64\debug\nullcollider.obj
c:\myfiles\projects\szakdoga\szakdoga\x64\debug\cuboidcollider.obj
c:\myfiles\projects\szakdoga\szakdoga\x64\debug\collider.obj
c:\myfiles\projects\szakdoga\szakdoga\x64\debug\box.obj
c:\myfiles\projects\szakdoga\szakdoga\x64\debug\rigidbody.obj
c:\myfiles\projects\szakdoga\szakdoga\x64\debug\scene.obj
c:\myfiles\projects\szakdoga\szakdoga\x64\debug\imgui_widgets.obj
c:\myfiles\projects\szakdoga\szakdoga\x64\debug\imgui_tables.obj
c:\myfiles\projects\szakdoga\szakdoga\x64\debug\imgui_impl_opengl3.obj
c:\myfiles\projects\szakdoga\szakdoga\x64\debug\imgui_impl_glfw.obj
c:\myfiles\projects\szakdoga\szakdoga\x64\debug\imgui_draw.obj
c:\myfiles\projects\szakdoga\szakdoga\x64\debug\imgui_demo.obj
c:\myfiles\projects\szakdoga\szakdoga\x64\debug\imgui.obj
c:\myfiles\projects\szakdoga\szakdoga\x64\debug\gui.obj
c:\myfiles\projects\szakdoga\szakdoga\x64\debug\application.obj
c:\myfiles\projects\szakdoga\szakdoga\x64\debug\surface.obj
c:\myfiles\projects\szakdoga\szakdoga\x64\debug\patchsurface.obj
c:\myfiles\projects\szakdoga\szakdoga\x64\debug\mesh.obj
c:\myfiles\projects\szakdoga\szakdoga\x64\debug\cuboidmesh.obj
c:\myfiles\projects\szakdoga\szakdoga\x64\debug\cubeframemesh.obj
c:\myfiles\projects\szakdoga\szakdoga\x64\debug\transformation.obj
c:\myfiles\projects\szakdoga\szakdoga\x64\debug\texture.obj
c:\myfiles\projects\szakdoga\szakdoga\x64\debug\stb_image.obj
c:\myfiles\projects\szakdoga\szakdoga\x64\debug\vertexbufferlayout.obj
c:\myfiles\projects\szakdoga\szakdoga\x64\debug\vertexbuffer.obj
c:\myfiles\projects\szakdoga\szakdoga\x64\debug\vertexarray.obj
c:\myfiles\projects\szakdoga\szakdoga\x64\debug\tesselationprogram.obj
c:\myfiles\projects\szakdoga\szakdoga\x64\debug\gpuprogram.obj
c:\myfiles\projects\szakdoga\szakdoga\x64\debug\debug.obj
c:\myfiles\projects\szakdoga\szakdoga\x64\debug\time.obj
c:\myfiles\projects\szakdoga\szakdoga\x64\debug\keyboardinput.obj
c:\myfiles\projects\szakdoga\szakdoga\x64\debug\glfw.obj
c:\myfiles\projects\szakdoga\szakdoga\x64\debug\quaternion.obj
c:\myfiles\projects\szakdoga\szakdoga\x64\debug\dnum.obj
c:\myfiles\projects\szakdoga\szakdoga\x64\debug\camera.obj
c:\myfiles\projects\szakdoga\szakdoga\x64\debug\main.obj
c:\myfiles\projects\szakdoga\szakdoga\x64\debug\spheremesh.obj
c:\myfiles\projects\szakdoga\szakdoga\x64\debug\rect.obj
c:\myfiles\projects\szakdoga\szakdoga\x64\debug\debugdrawer.obj
c:\myfiles\projects\szakdoga\szakdoga\x64\debug\szakdoga.ilk
c:\myfiles\projects\szakdoga\szakdoga\x64\debug\pointsdrawer.obj
c:\myfiles\projects\szakdoga\szakdoga\x64\debug\cuboidcollider.obj.enc
c:\myfiles\projects\szakdoga\szakdoga\x64\debug\pointsdrawer.obj.enc
c:\myfiles\projects\szakdoga\x64\debug\szakdoga.pdb
c:\myfiles\projects\szakdoga\szakdoga\x64\debug\szakdoga.tlog\cl.command.1.tlog
c:\myfiles\projects\szakdoga\szakdoga\x64\debug\szakdoga.tlog\cl.items.tlog
c:\myfiles\projects\szakdoga\szakdoga\x64\debug\szakdoga.tlog\cl.read.1.tlog
c:\myfiles\projects\szakdoga\szakdoga\x64\debug\szakdoga.tlog\cl.write.1.tlog
c:\myfiles\projects\szakdoga\szakdoga\x64\debug\szakdoga.tlog\link.34108-cvtres.read.1.tlog
c:\myfiles\projects\szakdoga\szakdoga\x64\debug\szakdoga.tlog\link.34108-cvtres.write.1.tlog
c:\myfiles\projects\szakdoga\szakdoga\x64\debug\szakdoga.tlog\link.34108-rc.read.1.tlog
c:\myfiles\projects\szakdoga\szakdoga\x64\debug\szakdoga.tlog\link.34108-rc.write.1.tlog
c:\myfiles\projects\szakdoga\szakdoga\x64\debug\szakdoga.tlog\link.34108.read.1.tlog
c:\myfiles\projects\szakdoga\szakdoga\x64\debug\szakdoga.tlog\link.34108.read.2.tlog
c:\myfiles\projects\szakdoga\szakdoga\x64\debug\szakdoga.tlog\link.34108.read.3.tlog
c:\myfiles\projects\szakdoga\szakdoga\x64\debug\szakdoga.tlog\link.34108.read.4.tlog
c:\myfiles\projects\szakdoga\szakdoga\x64\debug\szakdoga.tlog\link.34108.write.1.tlog
c:\myfiles\projects\szakdoga\szakdoga\x64\debug\szakdoga.tlog\link.command.1.tlog
c:\myfiles\projects\szakdoga\szakdoga\x64\debug\szakdoga.tlog\link.read.1.tlog
c:\myfiles\projects\szakdoga\szakdoga\x64\debug\szakdoga.tlog\link.secondary.1.tlog
c:\myfiles\projects\szakdoga\szakdoga\x64\debug\szakdoga.tlog\link.write.1.tlog
