  Application.cpp
C:\MyFiles\Projects\Szakdoga\Szakdoga\main\app\src\visual\SphereMesh.hpp(3,10): warning C4067: unexpected tokens following preprocessor directive - expected a newline
  (compiling source file 'main/app/Application.cpp')
  
C:\Program Files (x86)\Windows Kits\10\Include\10.0.22621.0\shared\minwindef.h(130,9): warning C4005: 'APIENTRY': macro redefinition
  (compiling source file 'main/app/Application.cpp')
      C:\MyFiles\Projects\Szakdoga\Szakdoga\main\dep\glfw\include\GLFW\glfw3.h(123,11):
      see previous definition of 'APIENTRY'
  
  Gui.cpp
C:\MyFiles\Projects\Szakdoga\Szakdoga\main\app\src\visual\SphereMesh.hpp(3,10): warning C4067: unexpected tokens following preprocessor directive - expected a newline
  (compiling source file 'main/app/Gui.cpp')
  
C:\Program Files (x86)\Windows Kits\10\Include\10.0.22621.0\shared\minwindef.h(130,9): warning C4005: 'APIENTRY': macro redefinition
  (compiling source file 'main/app/Gui.cpp')
      C:\MyFiles\Projects\Szakdoga\Szakdoga\main\dep\glfw\include\GLFW\glfw3.h(123,11):
      see previous definition of 'APIENTRY'
  
  Scene.cpp
C:\MyFiles\Projects\Szakdoga\Szakdoga\main\app\src\visual\SphereMesh.hpp(3,10): warning C4067: unexpected tokens following preprocessor directive - expected a newline
  (compiling source file 'main/app/Scene.cpp')
  
  CollisionHandler.cpp
  main.cpp
C:\MyFiles\Projects\Szakdoga\Szakdoga\main\app\src\visual\SphereMesh.hpp(3,10): warning C4067: unexpected tokens following preprocessor directive - expected a newline
  (compiling source file 'main/main.cpp')
  
C:\Program Files (x86)\Windows Kits\10\Include\10.0.22621.0\shared\minwindef.h(130,9): warning C4005: 'APIENTRY': macro redefinition
  (compiling source file 'main/main.cpp')
      C:\MyFiles\Projects\Szakdoga\Szakdoga\main\dep\glfw\include\GLFW\glfw3.h(123,11):
      see previous definition of 'APIENTRY'
  
  Generating Code...
glew32s.lib(glew.obj) : warning LNK4099: PDB '' was not found with 'glew32s.lib(glew.obj)' or at ''; linking object as if no debug info
LINK : warning LNK4098: defaultlib 'LIBCMT' conflicts with use of other libs; use /NODEFAULTLIB:library
LINK : warning LNK4098: defaultlib 'MSVCRT' conflicts with use of other libs; use /NODEFAULTLIB:library
  Szakdoga.vcxproj -> C:\MyFiles\Projects\Szakdoga\x64\Debug\Szakdoga.exe
